# Evoluation started on 2020/12/12 12:56:46
# Generation	   Best 	   Average 	   Worst
	  0		   0.310	 -29.199	 -56.845
	  1		   0.369	  -4.623	 -44.973
	  2		   0.202	  -3.938	 -45.772
	  3		   0.356	  -4.630	 -42.195
	  4		   0.165	  -4.149	 -42.113
	  5		   0.671	  -2.322	 -48.310
	  6		   0.438	  -4.366	 -48.530
	  7		   0.220	  -3.427	 -45.332
	  8		   0.330	  -4.033	 -42.753
	  9		   0.529	  -4.245	 -44.791
	 10		   0.228	  -4.069	 -44.154
	 11		   0.475	  -2.039	 -42.593
	 12		   0.348	  -2.538	 -43.213
	 13		   0.426	  -4.260	 -40.136
	 14		   0.542	  -3.278	 -37.513
	 15		   0.620	  -3.971	 -41.074
	 16		   0.726	  -9.052	 -47.311
	 17		   0.389	 -12.402	 -44.553
	 18		   0.377	  -3.438	 -47.171
	 19		   0.377	  -7.470	 -44.492
	 20		   0.496	  -3.345	 -48.630
	 21		   0.606	  -4.430	 -47.291
	 22		   0.434	  -3.389	 -39.393
	 23		   0.575	  -2.856	 -41.911
	 24		   0.445	  -4.444	 -37.635
	 25		   0.551	  -5.859	 -43.773
	 26		   0.500	  -4.454	 -44.512
	 27		   0.396	  -3.496	 -34.398
	 28		   0.638	  -3.189	 -37.597
	 29		   0.737	  -2.836	 -44.493
	 30		   0.769	  -3.591	 -41.334
	 31		   0.595	  -6.254	 -46.232
	 32		   1.055	  -3.476	 -46.951
	 33		   0.952	  -3.810	 -44.473
	 34		   0.301	  -7.321	 -43.373
	 35		   0.678	  -5.817	 -45.851
	 36		   0.961	  -2.281	 -46.012
	 37		   0.566	  -3.681	 -37.778
	 38		   0.667	  -2.405	 -40.234
	 39		   0.519	  -2.438	 -41.894
	 40		   0.925	  -2.723	 -41.115
	 41		   0.552	  -5.252	 -47.231
	 42		   1.057	  -4.911	 -44.073
	 43		   0.753	  -6.318	 -44.010
	 44		   0.695	  -3.817	 -38.875
	 45		   1.031	  -5.264	 -44.153
	 46		   0.656	  -3.509	 -44.253
	 47		   0.683	  -3.840	 -45.013
	 48		   0.392	  -5.810	 -47.231
	 49		   0.555	  -6.107	 -44.552
	 50		   0.567	  -3.227	 -45.632
	 51		   0.688	  -3.367	 -44.512
	 52		   0.662	  -5.000	 -47.491
	 53		   0.362	  -4.987	 -42.255
	 54		   0.843	  -2.753	 -41.734
	 55		   0.811	  -4.096	 -47.211
	 56		   0.643	  -3.998	 -37.817
	 57		   0.466	  -6.192	 -36.198
	 58		   0.910	  -4.832	 -46.411
	 59		   0.843	  -3.550	 -45.192
	 60		   0.962	  -2.069	 -37.643
	 61		   1.025	  -1.844	 -29.481
	 62		   0.921	  -4.029	 -37.135
	 63		   0.887	  -4.661	 -44.173
	 64		   0.809	  -3.208	 -38.494
	 65		   0.886	  -6.073	 -47.591
	 66		   0.638	  -6.192	 -45.731
	 67		   0.638	  -4.038	 -41.275
	 68		   0.711	  -2.354	 -37.154
	 69		   0.956	  -1.689	 -41.095
	 70		   0.902	  -4.248	 -34.378
	 71		   1.103	  -1.658	 -24.446
	 72		   1.070	  -4.363	 -35.928
	 73		   1.298	  -8.087	 -47.810
	 74		   0.475	 -11.028	 -44.438
	 75		   1.096	  -1.266	 -33.198
	 76		   0.526	 -10.808	 -43.054
	 77		   1.270	  -0.897	 -30.881
	 78		   1.038	  -2.382	 -40.096
	 79		   0.833	  -7.179	 -23.388
	 80		   0.986	  -0.967	 -24.965
	 81		   0.781	  -5.560	 -43.512
	 82		   1.050	  -1.567	 -42.773
	 83		   1.222	  -2.644	 -38.974
	 84		   0.904	  -5.601	 -32.659
	 85		   1.580	  -2.104	 -44.632
	 86		   1.095	  -8.738	 -45.612
	 87		   0.667	  -7.070	 -47.131
	 88		   0.844	  -7.941	 -46.791
	 89		   1.339	  -3.205	 -32.966
	 90		   1.233	  -1.880	 -43.193
	 91		   1.199	  -5.852	 -45.951
	 92		   0.382	 -11.030	 -46.092
	 93		   1.369	  -1.876	 -43.617
	 94		   0.928	  -5.596	 -42.134
	 95		   0.683	  -6.038	 -46.332
	 96		   0.971	  -1.539	 -44.015
	 97		   1.116	  -2.932	 -46.171
	 98		   0.831	  -6.703	 -43.934
	 99		   1.127	  -4.054	 -30.079
	100		   0.309	  -9.105	 -33.117
	101		   1.178	  -1.733	 -33.959
	102		   0.978	  -4.757	 -41.413
	103		   0.981	  -3.096	 -46.332
	104		   0.739	  -6.402	 -47.170
	105		   0.863	  -1.825	 -45.912
	106		   0.772	  -3.045	 -39.356
	107		   0.957	  -3.289	 -44.211
	108		   1.049	  -2.138	 -33.958
	109		   0.944	  -1.393	 -37.016
	110		   0.468	 -11.805	 -45.931
	111		   0.978	  -1.572	 -25.790
	112		   1.325	  -1.364	 -40.096
	113		   0.881	  -1.418	 -37.197
	114		   0.920	  -0.962	 -17.660
	115		   0.781	 -11.841	 -46.452
	116		   1.371	  -1.200	 -34.477
	117		   1.407	  -5.960	 -46.772
	118		   0.776	  -6.548	 -41.176
	119		   0.946	  -0.689	 -27.505
	120		   1.065	   0.020	 -32.531
	121		   0.774	  -3.266	 -36.425
	122		   0.958	  -3.062	 -38.737
	123		   1.055	  -3.763	 -46.609
	124		   0.900	  -2.993	 -24.218
	125		   1.059	  -0.998	 -41.067
	126		   1.464	  -0.819	 -26.446
	127		   1.557	  -3.028	 -39.117
	128		   1.475	  -1.192	 -31.049
	129		   1.267	  -0.752	 -31.235
	130		   1.516	  -1.698	 -33.924
	131		   1.190	  -1.046	 -44.157
	132		   0.894	  -7.474	 -43.460
	133		   1.333	  -1.334	 -39.801
	134		   1.128	  -2.410	 -46.389
	135		   1.019	  -0.724	 -40.615
	136		   1.199	  -1.689	 -24.424
	137		   0.892	  -0.697	 -28.345
	138		   1.432	  -0.869	 -44.752
	139		   1.421	  -2.639	 -35.021
	140		   0.880	  -2.453	 -48.151
	141		   1.076	  -0.871	 -28.920
	142		   1.120	  -1.950	 -43.452
	143		   0.992	  -1.600	 -40.903
	144		   1.482	  -0.708	 -27.953
	145		   1.386	  -1.278	 -43.960
	146		   0.892	  -0.866	 -31.941
	147		   1.209	  -2.905	 -46.987
	148		   1.169	  -2.217	 -43.480
	149		   1.105	  -2.636	 -31.701
	150		   1.453	  -3.065	 -46.691
	151		   1.687	  -0.662	 -42.194
	152		   1.571	  -1.270	 -26.550
	153		   1.383	  -3.059	 -37.645
	154		   1.507	  -1.799	 -42.513
	155		   1.052	  -3.983	 -44.667
	156		   1.517	  -2.141	 -36.597
	157		   1.521	  -2.432	 -41.574
	158		   1.651	  -2.257	 -41.135
	159		   1.831	  -1.340	 -30.434
	160		   1.404	  -0.556	 -44.687
	161		   1.372	  -3.528	 -40.456
	162		   0.884	  -1.095	 -34.769
	163		   1.637	  -1.485	 -41.631
	164		   0.901	  -0.639	 -24.018
	165		   1.697	  -1.254	 -38.977
	166		   1.426	  -2.717	 -40.155
	167		   1.131	  -0.990	 -33.819
	168		   1.732	  -0.487	 -40.994
	169		   1.562	  -0.701	 -32.719
	170		   0.977	  -1.599	 -21.806
	171		   1.418	  -1.545	 -26.376
	172		   1.510	  -2.030	 -36.970
	173		   1.861	  -2.159	 -31.204
	174		   1.278	  -0.152	 -19.139
	175		   1.758	  -1.354	 -30.800
	176		   1.549	  -0.343	 -44.552
	177		   1.161	  -2.560	 -43.214
	178		   1.784	  -1.130	 -22.515
	179		   1.617	  -1.142	 -40.816
	180		   1.446	  -1.114	 -23.126
	181		   0.556	  -2.956	 -39.442
	182		   1.879	  -0.518	 -31.213
	183		   1.531	  -2.594	 -36.917
	184		   1.339	  -3.921	 -44.433
	185		   1.881	  -0.760	 -34.001
	186		   1.268	  -1.446	 -41.171
	187		   1.169	  -0.993	 -41.757
	188		   1.326	  -3.239	 -41.414
	189		   0.533	  -3.771	 -37.595
	190		   1.126	  -1.012	 -31.197
	191		   1.193	  -0.420	 -32.697
	192		   1.104	  -2.557	 -44.899
	193		   1.483	  -0.104	 -41.875
	194		   1.045	  -1.956	 -36.085
	195		   1.280	  -1.832	 -38.657
	196		   1.096	  -0.708	 -29.901
	197		   1.369	  -2.099	 -39.176
	198		   1.495	  -0.260	 -39.780
	199		   1.654	  -0.751	 -43.953
	200		   1.821	  -0.744	 -34.293
	201		   1.490	  -1.403	 -48.191
	202		   1.424	  -1.260	 -34.519
	203		   1.427	  -3.493	 -43.110
	204		   1.603	  -1.510	 -38.312
	205		   1.511	  -2.228	 -38.157
	206		   1.829	  -0.349	 -18.537
	207		   1.264	  -1.298	 -43.353
	208		   1.818	  -2.614	 -42.035
	209		   1.606	  -1.132	 -40.033
	210		   1.192	  -2.309	 -44.495
	211		   1.549	  -0.761	 -35.134
	212		   1.527	  -1.097	 -36.346
	213		   1.377	  -0.745	 -41.253
	214		   1.362	  -3.023	 -39.266
	215		   1.215	  -1.348	 -44.954
	216		   2.217	  -0.495	 -42.034
	217		   1.758	   0.086	 -28.222
	218		   1.250	  -0.020	 -34.982
	219		   1.189	  -4.095	 -45.239
	220		   1.951	  -1.258	 -30.676
	221		   1.868	  -1.734	 -42.044
	222		   1.683	  -1.478	 -38.358
	223		   1.486	  -1.734	 -36.808
	224		   1.390	  -3.673	 -44.712
	225		   1.538	  -2.121	 -46.872
	226		   1.784	   0.499	 -32.129
	227		   1.176	  -2.495	 -45.632
	228		   1.611	   0.404	 -17.488
	229		   1.117	  -3.492	 -46.749
	230		   1.567	  -0.602	 -31.503
	231		   1.385	  -0.914	 -28.313
	232		   1.640	  -1.187	 -45.078
	233		   1.196	  -2.970	 -23.182
	234		   1.497	   0.037	  -7.910
	235		   1.767	  -2.140	 -44.293
	236		   0.817	  -5.095	 -44.372
	237		   1.215	  -2.562	 -35.921
	238		   1.599	   0.417	 -18.013
	239		   0.825	  -2.158	 -29.740
	240		   1.699	  -0.908	 -16.032
	241		   1.801	   0.521	 -26.701
	242		   1.516	  -2.561	 -36.437
	243		   1.693	   0.120	  -8.638
	244		   1.214	  -6.557	 -38.317
	245		   1.661	  -0.169	 -17.592
	246		   1.628	   0.029	 -30.282
	247		   1.502	  -0.932	 -48.091
	248		   1.458	  -0.975	 -33.750
	249		   1.401	  -1.750	 -17.643
	250		   1.360	  -3.989	 -45.032
	251		   1.441	  -2.538	 -35.724
	252		   1.287	  -1.979	 -35.194
	253		   1.621	  -2.673	 -39.593
	254		   2.295	  -0.316	 -35.781
	255		   1.984	   0.332	 -20.751
	256		   2.419	  -1.167	 -33.068
	257		   1.599	  -2.309	 -41.932
	258		   1.549	  -1.090	 -35.571
	259		   1.600	  -0.461	 -42.875
	260		   1.511	  -2.056	 -33.379
	261		   1.572	  -0.594	 -25.825
	262		   1.202	  -1.030	 -43.540
	263		   1.553	  -0.811	 -16.673
	264		   1.058	  -0.912	 -39.099
	265		   1.876	  -0.145	 -21.103
	266		   1.608	  -1.654	 -35.396
	267		   1.618	   0.038	 -20.372
	268		   1.873	  -0.278	 -35.708
	269		   1.598	  -0.905	 -43.672
	270		   1.170	  -2.458	 -35.350
	271		   1.724	  -2.367	 -24.799
	272		   1.242	  -1.560	 -41.511
	273		   2.016	   0.735	 -10.354
	274		   1.824	  -3.090	 -38.573
	275		   1.588	  -1.294	 -45.132
	276		   1.229	  -0.805	 -39.766
	277		   1.668	  -3.512	 -24.225
	278		   1.659	  -1.776	 -26.931
	279		   1.908	   0.188	 -10.586
	280		   1.873	  -0.352	 -11.844
	281		   1.487	  -0.670	 -23.834
	282		   1.429	  -1.987	 -35.772
	283		   2.061	  -0.410	 -16.472
	284		   1.495	  -1.887	 -35.389
	285		   1.514	  -4.796	 -27.158
	286		   1.720	  -1.763	 -17.833
	287		   1.486	  -2.331	 -24.960
	288		   1.755	  -0.733	 -11.108
	289		   1.497	  -1.331	 -44.372
	290		   2.072	   0.777	  -8.818
	291		   1.994	  -1.763	 -30.934
	292		   1.807	  -0.685	 -27.362
	293		   2.656	  -0.182	 -28.492
	294		   1.556	  -0.578	  -8.849
	295		   1.632	  -0.054	 -24.895
	296		   1.404	  -2.967	 -37.858
	297		   1.720	  -0.503	 -32.681
	298		   1.562	  -1.916	 -31.570
	299		   1.983	   0.384	 -18.571
	300		   1.596	   0.234	 -28.052
	301		   1.757	  -0.582	 -25.605
	302		   1.564	  -1.968	 -26.579
	303		   1.776	  -0.670	  -8.730
	304		   1.852	  -3.064	 -40.633
	305		   1.846	  -0.900	 -37.022
	306		   1.576	   0.520	 -11.752
	307		   1.904	  -0.589	 -23.202
	308		   1.351	  -1.756	 -36.726
	309		   1.812	  -3.295	 -22.218
	310		   1.858	   0.530	 -34.288
	311		   2.259	  -1.964	 -22.435
	312		   2.028	  -2.006	 -16.220
	313		   1.131	  -0.038	 -20.877
	314		   1.822	  -0.969	 -33.274
	315		   1.777	   0.586	  -7.113
	316		   1.764	  -0.651	 -21.719
	317		   1.990	  -1.731	 -21.647
	318		   1.211	  -1.355	 -34.127
	319		   1.036	  -2.622	 -17.369
	320		   2.230	  -0.707	 -16.050
	321		   1.592	  -0.422	 -13.279
	322		   1.802	  -0.965	 -23.709
	323		   1.789	  -4.458	 -40.265
	324		   1.456	  -1.527	 -23.871
	325		   1.520	  -1.015	 -31.534
	326		   1.509	  -1.997	 -10.740
	327		   1.916	   0.005	 -20.238
	328		   1.821	   0.464	  -7.876
	329		   1.477	  -2.748	 -15.466
	330		   1.608	  -0.979	 -15.668
	331		   1.824	  -0.400	  -5.982
	332		   1.751	  -1.252	 -19.547
	333		   2.382	  -0.680	 -17.506
	334		   1.881	  -2.522	 -33.231
	335		   1.416	  -5.762	 -27.968
	336		   1.451	  -6.515	 -37.572
	337		   1.508	  -5.310	 -31.404
	338		   1.617	  -2.425	 -18.342
	339		   1.643	  -2.051	 -17.557
	340		   1.300	  -3.021	 -35.788
	341		   1.345	  -2.420	 -31.262
	342		   1.632	  -7.278	 -36.538
	343		   1.555	  -6.999	 -24.015
	344		   1.991	  -5.049	 -49.223
	345		   1.566	  -6.689	 -41.090
	346		   1.419	  -5.252	 -36.891
	347		   1.536	  -1.787	 -21.509
	348		   1.825	  -1.205	 -21.663
	349		   1.569	  -3.415	 -25.561
	350		   1.416	  -2.870	 -34.175
	351		   1.527	  -2.618	 -25.450
	352		   1.568	  -1.170	 -35.464
	353		   1.760	  -1.756	 -41.078
	354		   1.440	  -2.617	 -20.581
	355		   1.779	  -2.653	 -24.293
	356		   1.761	  -3.554	 -35.794
	357		   1.433	  -1.615	 -35.336
	358		   1.375	  -9.102	 -36.594
	359		   1.586	  -3.894	 -28.237
	360		   1.582	  -5.144	 -41.112
	361		   1.530	  -2.548	 -51.273
	362		   1.688	  -1.709	 -29.557
	363		   1.568	  -2.812	 -40.483
	364		   1.550	  -1.360	 -42.063
	365		   1.744	  -0.203	 -17.576
	366		   1.200	  -1.402	 -27.721
	367		   1.913	  -0.648	 -31.650
	368		   1.733	  -4.830	 -40.472
	369		   2.479	  -0.323	 -26.289
	370		   1.750	  -1.174	 -36.261
	371		   1.689	  -1.805	 -41.174
	372		   1.348	  -1.275	 -33.043
	373		   1.573	  -2.052	 -43.007
	374		   1.400	  -1.900	 -39.183
	375		   1.447	  -3.194	 -23.656
	376		   1.925	  -1.767	 -36.452
	377		   1.647	  -2.450	 -29.182
	378		   1.986	  -2.109	 -32.278
	379		   1.428	  -5.123	 -36.398
	380		   1.513	  -1.604	 -29.892
	381		   1.395	  -3.253	 -31.586
	382		   1.376	  -2.533	 -22.664
	383		   1.988	  -2.611	 -24.306
	384		   1.420	  -0.951	 -18.350
	385		   1.585	  -1.244	 -37.869
	386		   1.232	  -4.958	 -26.841
	387		   1.567	  -1.449	 -42.267
	388		   1.425	  -0.284	 -18.383
	389		   1.334	  -1.128	 -18.862
	390		   0.993	  -4.030	 -40.486
	391		   1.199	  -2.601	 -35.416
	392		   1.052	  -2.358	 -45.003
	393		   1.699	  -1.157	 -23.702
	394		   1.729	  -2.013	 -35.631
	395		   1.110	  -4.849	 -37.541
	396		   1.237	  -1.867	 -40.969
	397		   1.613	  -0.826	 -40.494
	398		   1.256	  -1.818	 -34.207
	399		   1.353	  -1.358	 -31.985
	400		   1.389	  -1.643	 -45.325
	401		   1.957	  -1.348	 -28.322
	402		   1.430	  -1.482	 -28.081
	403		   1.214	  -1.864	 -44.302
	404		   1.211	  -1.109	 -21.714
	405		   1.392	  -2.220	 -43.426
	406		   1.015	  -2.692	 -42.763
	407		   1.268	  -2.027	 -42.947
	408		   1.377	  -0.591	 -41.995
	409		   1.577	  -2.126	 -40.801
	410		   1.117	  -1.016	 -37.094
	411		   1.238	  -1.393	 -33.745
	412		   1.013	  -1.369	 -37.217
	413		   1.332	  -1.870	 -46.131
	414		   1.312	  -0.184	 -29.226
	415		   1.329	  -0.610	 -39.074
	416		   1.233	  -1.245	 -34.897
	417		   0.938	  -1.532	 -43.892
	418		   1.076	  -1.292	 -26.637
	419		   1.025	  -0.769	 -27.426
	420		   1.352	  -0.289	 -24.260
	421		   1.616	  -0.938	 -32.424
	422		   1.148	  -1.188	 -23.669
	423		   1.336	  -0.812	 -33.321
	424		   1.961	   0.002	 -23.596
	425		   1.797	  -1.328	 -35.851
	426		   1.849	  -1.362	 -30.758
	427		   1.580	  -2.330	 -41.684
	428		   1.113	  -4.488	 -44.866
	429		   1.790	  -0.115	 -19.990
	430		   1.605	  -0.353	 -35.453
	431		   1.332	  -0.892	 -45.281
	432		   1.976	  -1.416	 -35.698
	433		   0.926	  -3.301	 -38.088
	434		   1.629	  -2.464	 -33.665
	435		   1.407	  -0.783	 -34.070
	436		   1.473	  -2.362	 -36.858
	437		   1.801	  -0.482	 -20.957
	438		   1.774	  -2.669	 -41.171
	439		   1.554	  -0.850	 -40.534
	440		   1.941	   0.059	 -27.265
	441		   1.941	  -1.002	 -41.592
	442		   1.260	  -0.777	 -27.042
	443		   1.166	  -1.172	 -41.143
	444		   1.460	  -1.089	 -40.290
	445		   1.654	  -1.446	 -38.829
	446		   1.600	  -0.270	 -25.648
	447		   1.397	  -1.187	 -31.784
	448		   1.316	  -2.381	 -39.772
	449		   1.799	  -0.574	 -42.784
	450		   1.593	  -1.668	 -39.677
	451		   1.161	  -1.189	 -16.075
	452		   2.247	  -0.155	 -30.805
	453		   1.333	  -2.054	 -35.804
	454		   1.604	  -0.732	 -32.997
	455		   1.565	  -0.539	 -25.888
	456		   1.999	  -1.630	 -31.588
	457		   1.593	  -1.562	 -38.306
	458		   1.727	  -0.646	 -31.415
	459		   1.347	  -3.500	 -45.541
	460		   1.774	  -2.311	 -44.393
	461		   1.498	  -4.948	 -45.135
	462		   1.761	  -1.756	 -40.176
	463		   1.536	  -1.806	 -39.083
	464		   1.342	  -1.160	 -17.941
	465		   2.043	  -1.112	 -41.352
	466		   1.324	  -4.265	 -35.622
	467		   1.762	  -0.015	 -18.156
	468		   1.594	  -0.079	 -26.970
	469		   1.321	  -3.347	 -39.268
	470		   1.882	  -2.397	 -41.370
	471		   1.616	  -2.865	 -39.371
	472		   1.580	  -0.906	 -36.105
	473		   2.626	  -1.920	 -40.549
	474		   2.008	  -2.538	 -46.849
	475		   2.006	  -3.896	 -42.197
	476		   1.974	  -3.178	 -39.034
	477		   1.997	  -0.806	 -30.189
	478		   1.301	  -1.759	 -31.506
	479		   1.569	  -1.600	 -37.728
	480		   1.339	  -4.203	 -36.522
	481		   1.958	  -2.450	 -44.298
	482		   1.413	  -3.679	 -43.828
	483		   2.592	  -3.802	 -45.737
	484		   2.141	  -4.011	 -37.993
	485		   1.638	  -0.834	 -33.112
	486		   1.126	  -1.940	 -32.967
	487		   2.225	  -0.839	 -33.499
	488		   2.008	  -3.084	 -40.836
	489		   1.958	  -0.951	 -41.368
	490		   1.198	  -3.070	 -41.071
	491		   2.015	  -2.001	 -46.891
	492		   1.581	  -3.291	 -35.934
	493		   1.505	  -1.070	 -42.191
	494		   2.420	  -1.568	 -41.647
	495		   1.065	  -3.804	 -39.949
	496		   2.189	  -1.531	 -38.376
	497		   1.969	  -0.821	 -35.618
	498		   1.814	  -1.963	 -35.432
	499		   1.039	  -1.370	 -32.771
	500		   1.985	  -1.244	 -33.600
	501		   1.877	  -1.251	 -41.530
	502		   1.408	  -2.010	 -41.094
	503		   1.530	  -1.156	 -39.733
	504		   1.555	  -1.596	 -34.831
	505		   1.505	  -2.198	 -35.183
	506		   1.954	  -2.160	 -30.044
	507		   1.374	  -2.283	 -40.006
	508		   1.952	  -1.050	 -23.496
	509		   2.320	  -2.310	 -32.792
	510		   2.139	  -2.212	 -39.691
	511		   1.562	  -3.205	 -39.384
	512		   1.347	  -2.310	 -39.027
	513		   1.519	  -2.181	 -32.521
	514		   2.009	  -2.615	 -42.431
	515		   2.383	  -1.999	 -38.577
	516		   1.339	  -3.268	 -34.124
	517		   1.978	  -0.878	 -35.495
	518		   2.550	  -0.772	 -43.938
	519		   1.808	  -0.949	 -37.589
	520		   1.546	  -1.418	 -41.839
	521		   1.105	  -2.914	 -35.861
	522		   1.370	  -3.131	 -42.335
	523		   2.039	  -2.306	 -45.921
	524		   2.217	  -1.044	 -36.710
	525		   1.656	  -1.898	 -39.405
	526		   1.490	  -2.461	 -32.793
	527		   1.393	  -1.844	 -44.241
	528		   1.534	  -1.864	 -38.420
	529		   1.822	  -1.628	 -38.537
	530		   2.331	  -1.305	 -35.441
	531		   1.741	   0.062	 -26.088
	532		   1.873	  -0.818	 -38.510
	533		   2.393	  -0.332	 -33.001
	534		   1.549	  -0.644	 -33.229
	535		   1.415	  -0.932	 -33.810
	536		   2.146	  -1.182	 -34.185
	537		   1.843	  -1.355	 -37.411
	538		   2.015	  -3.537	 -43.015
	539		   1.768	  -2.339	 -32.799
	540		   1.165	  -2.030	 -39.451
	541		   1.333	  -3.448	 -32.817
	542		   2.161	  -1.838	 -34.383
	543		   1.351	  -1.282	 -33.055
	544		   1.528	  -3.351	 -37.272
	545		   1.598	  -1.029	 -29.507
	546		   1.963	  -1.021	 -41.289
	547		   1.938	   0.146	 -17.892
	548		   1.563	  -0.858	 -31.286
	549		   1.799	  -0.043	 -30.106
	550		   1.984	  -0.642	 -43.886
	551		   2.259	  -0.301	 -29.567
	552		   1.930	  -0.353	 -32.558
	553		   1.759	  -2.152	 -43.184
	554		   1.490	  -1.891	 -37.968
	555		   2.460	  -0.861	 -31.131
	556		   1.961	  -0.734	 -23.305
	557		   1.743	  -0.390	 -23.203
	558		   1.557	  -0.694	 -36.175
	559		   1.443	  -1.450	 -32.890
	560		   2.108	  -0.469	 -32.973
	561		   2.019	   0.296	 -16.257
	562		   1.762	  -0.693	 -29.248
	563		   1.553	  -1.331	 -28.474
	564		   1.411	  -1.002	 -34.215
	565		   1.417	  -1.967	 -34.066
	566		   1.339	   0.151	 -11.954
	567		   1.361	  -1.252	 -36.411
	568		   1.957	  -0.491	 -37.075
	569		   1.948	   0.282	 -27.972
	570		   1.698	  -0.258	 -35.573
	571		   2.068	  -0.407	 -32.333
	572		   1.915	  -1.477	 -33.330
	573		   2.224	  -1.091	 -32.802
	574		   1.892	  -2.429	 -35.961
	575		   1.579	  -0.829	 -34.813
	576		   1.623	  -1.801	 -27.650
	577		   1.970	  -0.870	 -40.033
	578		   1.570	  -1.858	 -41.717
	579		   1.639	  -0.916	 -41.116
	580		   1.826	  -2.035	 -36.805
	581		   2.009	  -1.260	 -36.945
	582		   1.214	  -1.779	 -34.872
	583		   1.620	  -2.431	 -33.701
	584		   1.702	  -2.887	 -40.811
	585		   1.318	  -2.143	 -36.204
	586		   2.204	  -1.517	 -37.758
	587		   2.193	  -0.634	 -28.208
	588		   1.553	  -1.251	 -36.989
	589		   1.926	  -0.726	 -31.486
	590		   1.880	   0.273	 -32.667
	591		   2.224	  -0.969	 -42.732
	592		   2.640	  -0.143	 -33.530
	593		   2.182	   0.350	 -25.960
	594		   1.671	  -1.161	 -34.780
	595		   2.554	  -1.399	 -39.228
	596		   2.036	  -0.695	 -33.308
	597		   1.811	  -1.520	 -33.247
	598		   2.202	  -0.859	 -41.001
	599		   2.305	  -0.412	 -22.225
	600		   1.194	  -1.475	 -29.082
	601		   1.854	  -2.033	 -43.751
	602		   1.536	  -0.785	 -20.964
	603		   1.773	  -0.543	 -30.933
	604		   2.235	  -3.110	 -40.914
	605		   2.175	   0.337	 -33.363
	606		   2.005	  -0.991	 -33.188
	607		   1.758	  -5.028	 -36.601
	608		   1.733	  -0.522	 -28.172
	609		   2.299	  -0.149	 -43.555
	610		   1.576	  -2.746	 -30.668
	611		   2.606	  -1.948	 -42.733
	612		   2.278	  -0.349	 -21.804
	613		   1.794	  -3.985	 -34.026
	614		   1.812	  -2.412	 -31.242
	615		   2.193	  -1.009	 -34.020
	616		   1.791	  -0.982	 -40.873
	617		   1.999	  -2.415	 -36.526
	618		   2.073	  -3.943	 -46.245
	619		   1.607	  -4.376	 -40.714
	620		   1.827	  -3.016	 -44.285
	621		   2.161	  -1.974	 -37.682
	622		   1.857	  -1.975	 -38.126
	623		   1.547	  -3.884	 -33.863
	624		   1.362	  -2.238	 -40.064
	625		   2.253	  -0.548	 -31.992
	626		   1.357	  -3.658	 -42.112
	627		   2.075	  -3.681	 -36.335
	628		   1.968	  -1.146	 -34.194
	629		   2.395	  -4.104	 -41.324
	630		   1.818	  -3.526	 -43.212
	631		   2.437	  -2.151	 -39.755
	632		   1.803	  -2.177	 -34.646
	633		   1.978	  -5.143	 -47.900
	634		   1.792	  -3.070	 -38.299
	635		   2.079	  -2.490	 -44.139
	636		   2.802	   0.097	 -44.579
	637		   1.604	  -4.792	 -46.232
	638		   1.545	  -1.621	 -39.800
	639		   1.799	  -2.704	 -43.870
	640		   1.335	  -3.996	 -42.071
	641		   1.534	  -0.953	 -30.234
	642		   1.626	  -2.038	 -30.463
	643		   1.258	  -3.020	 -41.604
	644		   2.118	  -1.975	 -46.274
	645		   1.708	  -1.638	 -34.257
	646		   1.574	  -3.978	 -40.369
	647		   1.568	  -2.025	 -38.334
	648		   1.483	  -2.877	 -46.510
	649		   0.970	  -3.732	 -43.272
	650		   1.547	  -2.250	 -35.980
	651		   2.181	  -3.672	 -42.872
	652		   1.789	  -1.524	 -42.272
	653		   1.542	  -4.239	 -35.801
	654		   2.259	  -0.856	 -34.535
	655		   1.152	  -4.501	 -46.470
	656		   1.316	  -4.341	 -41.009
	657		   2.332	  -0.949	 -32.692
	658		   1.718	  -3.166	 -45.423
	659		   2.210	  -2.538	 -37.152
	660		   1.302	  -0.769	 -25.927
	661		   1.929	  -3.319	 -33.368
	662		   2.361	  -1.230	 -34.146
	663		   1.974	  -0.182	 -28.656
	664		   1.625	  -1.810	 -38.167
	665		   1.337	  -3.631	 -43.635
	666		   1.371	  -3.229	 -33.651
	667		   1.785	  -3.922	 -36.707
	668		   2.081	  -1.445	 -27.234
	669		   1.993	  -2.835	 -40.752
	670		   2.026	  -5.157	 -45.850
	671		   1.840	  -2.490	 -41.891
	672		   2.639	  -1.141	 -28.549
	673		   1.585	  -3.115	 -34.733
	674		   2.165	  -2.433	 -46.108
	675		   2.622	  -0.137	 -28.856
	676		   1.774	  -3.133	 -44.262
	677		   2.138	  -3.136	 -41.711
	678		   1.887	  -1.937	 -33.642
	679		   2.194	  -2.642	 -48.610
	680		   2.004	  -2.746	 -46.091
	681		   1.814	  -3.192	 -38.599
	682		   2.048	  -3.505	 -42.722
	683		   1.453	  -5.749	 -39.368
	684		   1.851	  -3.078	 -42.151
	685		   1.668	  -4.266	 -47.936
	686		   1.803	  -2.108	 -36.549
	687		   2.012	  -4.653	 -46.010
	688		   1.679	  -5.069	 -46.688
	689		   1.821	  -2.622	 -41.338
	690		   2.200	  -2.180	 -37.653
	691		   2.142	  -2.614	 -45.800
	692		   1.636	  -2.872	 -48.408
	693		   2.450	  -1.605	 -42.571
	694		   1.797	  -4.506	 -44.611
	695		   2.017	  -3.572	 -43.452
	696		   1.973	  -3.917	 -43.612
	697		   1.175	  -2.665	 -47.866
	698		   2.135	  -4.100	 -44.788
	699		   2.434	  -1.463	 -44.240
	700		   2.303	  -1.772	 -42.558
	701		   2.430	  -1.222	 -40.850
	702		   1.660	  -4.716	 -44.972
	703		   2.218	  -1.845	 -38.565
	704		   1.540	  -4.508	 -44.270
	705		   2.178	  -1.712	 -37.794
	706		   2.460	  -4.940	 -43.383
	707		   1.617	  -3.367	 -41.430
	708		   1.753	  -0.892	 -39.753
	709		   2.244	  -0.497	 -29.248
	710		   2.023	  -1.439	 -43.394
	711		   1.371	  -1.462	 -28.285
	712		   1.409	  -3.336	 -41.105
	713		   0.776	  -4.456	 -42.396
	714		   1.568	  -5.210	 -47.090
	715		   1.925	  -1.588	 -44.058
	716		   1.833	  -2.649	 -42.493
	717		   2.023	  -2.031	 -41.834
	718		   1.955	  -2.161	 -33.160
	719		   1.175	  -4.269	 -36.990
	720		   1.595	  -3.751	 -39.425
	721		   2.113	  -2.637	 -48.471
	722		   2.221	  -1.889	 -43.619
	723		   1.419	  -6.052	 -45.471
	724		   1.172	  -6.583	 -36.814
	725		   2.369	  -2.152	 -43.313
	726		   1.627	  -3.133	 -38.720
	727		   1.075	  -6.444	 -46.791
	728		   2.391	  -1.588	 -43.606
	729		   2.199	  -4.129	 -38.244
	730		   2.439	  -3.236	 -40.903
	731		   1.415	  -4.040	 -42.088
	732		   1.837	  -3.585	 -40.114
	733		   2.794	   0.324	 -35.531
	734		   2.140	  -2.912	 -42.044
	735		   1.684	  -3.195	 -42.344
	736		   2.022	  -4.360	 -47.170
	737		   1.709	  -2.721	 -44.412
	738		   2.606	  -2.285	 -39.248
	739		   1.695	  -4.454	 -42.067
	740		   1.321	  -7.911	 -44.235
	741		   1.138	  -5.187	 -40.811
	742		   1.348	  -3.664	 -44.022
	743		   1.731	  -3.324	 -41.219
	744		   2.001	  -2.837	 -43.445
	745		   2.127	  -3.743	 -43.383
	746		   1.753	  -2.368	 -43.551
	747		   1.910	  -9.289	 -43.494
	748		   2.898	  -4.458	 -32.868
	749		   2.226	  -3.337	 -43.798
	750		   2.328	  -4.305	 -43.002
	751		   1.740	  -1.866	 -32.437
	752		   1.322	  -1.264	 -37.220
	753		   1.972	  -2.236	 -45.092
	754		   2.567	  -0.805	 -42.025
	755		   2.109	  -2.098	 -48.971
	756		   1.711	  -2.394	 -48.130
	757		   1.931	  -4.676	 -42.998
	758		   2.165	  -6.487	 -46.071
	759		   2.174	  -1.752	 -38.446
	760		   1.084	  -6.017	 -42.053
	761		   2.041	  -7.156	 -43.548
	762		   2.344	  -3.011	 -42.324
	763		   1.847	 -10.037	 -43.971
	764		   1.918	  -3.737	 -45.011
	765		   2.760	  -3.365	 -48.031
	766		   1.940	  -2.103	 -45.351
	767		   1.744	  -0.447	 -26.808
	768		   2.426	  -5.657	 -47.030
	769		   2.014	  -3.578	 -40.699
	770		   2.047	  -4.269	 -44.208
	771		   2.575	  -5.708	 -43.703
	772		   1.073	  -5.846	 -47.186
	773		   2.016	  -5.042	 -46.034
	774		   2.167	  -3.749	 -44.171
	775		   2.196	  -3.734	 -48.228
	776		   1.913	  -3.927	 -37.407
	777		   2.354	  -2.649	 -46.549
	778		   1.713	  -6.364	 -47.491
	779		   1.928	  -3.161	 -40.490
	780		   2.371	  -4.067	 -37.405
	781		   2.040	  -4.342	 -42.999
	782		   1.304	  -1.530	 -34.618
	783		   1.959	  -3.758	 -43.130
	784		   1.821	  -5.516	 -45.951
	785		   1.382	  -2.376	 -33.464
	786		   1.564	  -2.918	 -42.782
	787		   1.668	  -4.918	 -42.551
	788		   1.565	  -1.509	 -37.745
	789		   1.819	  -3.232	 -47.877
	790		   2.001	  -3.078	 -35.971
	791		   1.761	  -3.401	 -43.483
	792		   1.716	  -2.248	 -41.478
	793		   2.352	  -3.976	 -45.249
	794		   1.952	  -3.281	 -46.525
	795		   2.234	  -3.035	 -38.487
	796		   1.947	  -1.216	 -23.461
	797		   1.573	  -2.878	 -38.353
	798		   1.147	  -1.906	 -42.253
	799		   2.059	  -1.595	 -34.419
	800		   1.986	  -4.057	 -45.273
	801		   1.423	  -3.239	 -41.836
	802		   1.129	  -2.400	 -39.252
	803		   1.559	  -1.834	 -31.618
	804		   1.621	  -3.760	 -41.024
	805		   1.831	  -2.815	 -36.637
	806		   1.683	  -3.210	 -39.451
	807		   2.159	  -0.226	 -47.134
	808		   1.942	  -1.423	 -38.636
	809		   2.208	  -3.036	 -43.033
	810		   1.797	  -0.808	 -43.231
	811		   1.492	  -3.030	 -45.853
	812		   1.344	  -4.434	 -44.651
	813		   1.822	  -2.361	 -39.491
	814		   1.448	  -1.886	 -40.311
	815		   2.163	  -1.813	 -44.535
	816		   1.510	  -1.243	 -32.428
	817		   2.380	  -1.894	 -41.174
	818		   1.594	  -3.454	 -45.611
	819		   1.547	  -1.396	 -39.323
	820		   0.966	  -4.021	 -38.670
	821		   1.761	  -2.530	 -42.791
	822		   1.754	  -0.477	 -20.591
	823		   2.177	  -0.344	 -40.420
	824		   2.172	  -1.502	 -35.593
	825		   2.003	  -0.341	 -32.101
	826		   1.362	  -1.716	 -32.358
	827		   1.220	  -1.193	 -37.733
	828		   2.194	   1.063	 -15.493
	829		   2.180	  -0.033	 -38.473
	830		   1.700	  -0.684	 -30.375
	831		   1.529	  -1.004	 -29.637
	832		   2.229	   0.197	 -19.454
	833		   2.342	  -0.002	 -26.607
	834		   2.641	  -0.335	 -32.802
	835		   2.116	  -1.122	 -32.579
	836		   2.461	   0.500	  -8.982
	837		   1.820	  -0.033	 -29.720
	838		   1.674	  -0.729	 -20.124
	839		   1.778	  -0.141	 -11.735
	840		   2.043	   0.181	 -38.667
	841		   1.956	  -1.023	 -44.195
	842		   1.717	  -1.854	 -43.015
	843		   2.222	   0.466	 -36.893
	844		   1.738	  -0.203	 -23.666
	845		   1.997	  -0.877	 -47.915
	846		   2.292	  -0.020	 -12.927
	847		   1.602	  -0.485	 -18.950
	848		   1.690	  -0.837	 -35.996
	849		   1.561	  -1.958	 -46.213
	850		   1.885	   0.557	 -13.691
	851		   1.930	  -0.748	 -41.319
	852		   1.321	  -0.174	 -43.810
	853		   1.586	  -0.688	 -28.790
	854		   2.040	  -0.078	 -25.328
	855		   1.863	  -0.085	 -22.965
	856		   1.509	  -0.560	 -36.859
	857		   1.726	  -0.393	 -21.908
	858		   2.190	   0.062	 -17.402
	859		   2.189	  -1.060	 -26.103
	860		   2.446	  -0.217	 -16.752
	861		   1.850	  -1.489	 -24.802
	862		   2.286	  -0.572	 -41.946
	863		   1.705	  -0.026	 -18.263
	864		   2.454	  -0.959	 -37.026
	865		   1.908	  -0.052	 -25.173
	866		   2.049	  -0.937	 -19.885
	867		   1.462	  -0.712	 -32.597
	868		   2.493	  -0.098	 -33.715
	869		   1.526	  -0.487	 -17.748
	870		   1.851	  -0.563	 -20.879
	871		   2.109	  -1.769	 -44.581
	872		   2.036	  -1.222	 -33.177
	873		   2.119	  -0.399	 -36.060
	874		   2.032	  -0.765	 -30.146
	875		   2.260	  -0.275	 -47.727
	876		   1.973	  -1.206	 -42.695
	877		   2.105	  -0.174	 -39.958
	878		   2.067	  -0.736	 -36.330
	879		   1.876	  -0.252	 -28.933
	880		   1.586	  -1.130	 -31.253
	881		   1.927	  -0.872	 -27.520
	882		   1.822	  -2.144	 -33.288
	883		   2.008	  -1.310	 -30.671
	884		   2.291	  -1.173	 -26.574
	885		   2.174	  -0.525	 -34.841
	886		   2.270	  -1.408	 -49.983
	887		   1.966	  -1.525	 -34.966
	888		   2.508	  -0.034	 -20.969
	889		   1.417	  -1.964	 -42.185
	890		   1.958	  -2.188	 -36.540
	891		   2.024	  -0.214	 -34.590
	892		   2.043	  -1.472	 -42.684
	893		   1.883	  -1.289	 -41.268
	894		   1.368	  -1.386	 -34.268
	895		   1.368	  -2.849	 -37.436
	896		   1.975	  -0.790	 -31.907
	897		   2.501	   0.047	 -44.220
	898		   1.909	  -0.079	 -30.051
	899		   2.297	   0.149	 -41.138
	900		   1.700	  -0.823	 -31.265
	901		   1.726	   0.514	 -13.157
	902		   2.059	  -0.234	 -25.940
	903		   2.078	  -0.321	 -26.279
	904		   1.678	  -3.364	 -32.910
	905		   1.929	   0.109	 -31.164
	906		   1.365	  -1.000	 -26.203
	907		   1.965	  -1.794	 -38.818
	908		   1.300	  -1.283	 -46.651
	909		   1.669	  -1.492	 -18.793
	910		   1.884	  -0.495	 -21.799
	911		   2.244	  -2.075	 -34.383
	912		   1.991	  -1.903	 -37.460
	913		   1.421	  -2.292	 -42.834
	914		   1.823	  -1.570	 -46.487
	915		   2.017	  -1.401	 -20.790
	916		   1.579	  -1.831	 -33.102
	917		   1.628	  -3.125	 -34.157
	918		   2.013	  -0.514	 -39.634
	919		   1.902	  -4.794	 -47.811
	920		   1.935	  -0.675	 -29.622
	921		   1.719	  -1.741	 -29.139
	922		   1.662	  -3.885	 -40.032
	923		   1.423	  -2.455	 -47.892
	924		   2.873	  -0.964	 -50.766
	925		   2.211	  -1.970	 -36.881
	926		   2.028	  -2.141	 -46.153
	927		   2.712	  -0.117	 -35.692
	928		   2.130	   0.350	  -6.138
	929		   1.947	  -0.803	 -37.577
	930		   1.964	  -0.660	 -31.357
	931		   2.385	  -2.300	 -45.147
	932		   1.785	  -2.178	 -41.253
	933		   1.864	  -1.766	 -40.226
	934		   2.163	  -0.958	 -45.975
	935		   1.991	  -1.674	 -40.092
	936		   2.206	  -0.792	 -27.988
	937		   1.624	  -1.095	 -33.247
	938		   1.270	  -3.063	 -39.797
	939		   2.176	  -1.686	 -46.903
	940		   2.191	  -2.372	 -35.732
	941		   2.008	  -2.085	 -34.326
	942		   2.206	  -1.200	 -38.538
	943		   1.798	  -0.912	 -36.774
	944		   1.974	  -1.536	 -43.032
	945		   2.216	  -0.318	 -33.197
	946		   2.002	  -1.322	 -38.357
	947		   2.021	  -0.324	 -16.467
	948		   1.223	  -1.036	 -43.651
	949		   1.933	  -1.731	 -44.996
	950		   1.827	  -0.404	 -17.235
	951		   1.977	  -0.694	 -25.772
	952		   1.610	  -2.767	 -42.493
	953		   2.294	   0.040	 -13.437
	954		   2.485	  -3.026	 -31.161
	955		   2.322	  -4.237	 -27.291
	956		   2.274	  -3.224	 -39.299
	957		   1.933	  -1.307	 -19.937
	958		   2.074	  -1.124	 -39.812
	959		   1.839	  -1.089	 -24.296
	960		   1.724	  -0.104	 -32.420
	961		   1.773	  -1.494	 -20.552
	962		   2.212	  -0.696	 -29.523
	963		   2.219	  -0.927	 -50.571
	964		   2.486	   0.774	 -12.655
	965		   1.818	  -0.208	 -16.607
	966		   2.213	  -2.260	 -28.048
	967		   1.565	  -0.471	 -17.998
	968		   1.987	  -0.927	 -44.209
	969		   2.186	  -1.542	 -26.023
	970		   2.212	  -1.249	 -21.683
	971		   1.732	  -2.593	 -25.048
	972		   2.225	  -1.213	 -40.335
	973		   2.594	  -0.375	 -19.986
	974		   2.271	  -0.999	 -36.171
	975		   2.437	   1.061	  -4.106
	976		   2.320	  -0.121	 -44.227
	977		   2.024	  -1.452	 -43.520
	978		   2.147	  -1.057	 -34.658
	979		   2.691	   0.491	 -26.161
	980		   2.239	   0.175	 -34.450
	981		   2.057	  -0.612	 -32.330
	982		   1.879	   0.336	 -17.255
	983		   2.102	  -0.856	 -34.717
	984		   1.941	  -1.554	 -28.139
	985		   1.599	  -0.133	 -24.652
	986		   2.037	  -1.114	 -22.218
	987		   2.102	  -0.337	 -21.508
	988		   1.452	  -0.436	 -17.026
	989		   2.281	  -1.199	 -30.394
	990		   2.490	   0.895	  -6.662
	991		   1.663	  -0.977	 -20.286
	992		   2.647	  -0.564	 -16.884
	993		   2.236	   0.270	 -13.322
	994		   2.099	   0.297	 -12.470
	995		   2.587	  -0.524	 -25.756
	996		   1.649	  -0.375	  -8.830
	997		   2.103	   0.449	  -7.238
	998		   2.031	   0.585	 -10.245
	999		   2.489	   0.628	  -6.763
